{"/home/george/decentralised-dataexchange/bb-consent-admin-dashboard/src/pages/login/Login.tsx": {"path":"/home/george/decentralised-dataexchange/bb-consent-admin-dashboard/src/pages/login/Login.tsx","statementMap":{"0":{"start":{"line":11,"column":21},"end":{"line":96,"column":1}},"1":{"start":{"line":12,"column":4},"end":{"line":95,"column":6}}},"fnMap":{"0":{"name":"(anonymous_0)","decl":{"start":{"line":11,"column":21},"end":{"line":11,"column":22}},"loc":{"start":{"line":11,"column":27},"end":{"line":96,"column":1}},"line":11}},"branchMap":{},"s":{"0":1,"1":4},"f":{"0":4},"b":{},"_coverageSchema":"1a1c01bbd47fc00a2c39e90264f33305004495a9","hash":"127b2518a9157e366ed31e17d3fb86c391790ce1"}
}
